#
# There is insufficient memory for the Java Runtime Environment to continue.
# Native memory allocation (malloc) failed to allocate 51920 bytes for Chunk::new
# Possible reasons:
#   The system is out of physical RAM or swap space
#   The process is running with CompressedOops enabled, and the Java Heap may be blocking the growth of the native heap
# Possible solutions:
#   Reduce memory load on the system
#   Increase physical memory or swap space
#   Check if swap backing store is full
#   Decrease Java heap size (-Xmx/-Xms)
#   Decrease number of Java threads
#   Decrease Java thread stack sizes (-Xss)
#   Set larger code cache with -XX:ReservedCodeCacheSize=
#   JVM is running with Unscaled Compressed Oops mode in which the Java heap is
#     placed in the first 4GB address space. The Java Heap base address is the
#     maximum limit for the native heap growth. Please use -XX:HeapBaseMinAddress
#     to set the Java Heap base and to place the Java Heap above 4GB virtual address.
# This output file may be truncated or incomplete.
#
#  Out of Memory Error (allocation.cpp:389), pid=5892, tid=0x0000000000001824
#
# JRE version: OpenJDK Runtime Environment (8.0_202-b03) (build 1.8.0_202-release-1483-b03)
# Java VM: OpenJDK 64-Bit Server VM (25.202-b03 mixed mode windows-amd64 compressed oops)
# Failed to write core dump. Minidumps are not enabled by default on client versions of Windows
#

---------------  T H R E A D  ---------------

Current thread (0x00000000169d8800):  JavaThread "C2 CompilerThread0" daemon [_thread_in_native, id=6180, stack(0x0000000018000000,0x0000000018100000)]

Stack: [0x0000000018000000,0x0000000018100000]
[error occurred during error reporting (printing stack bounds), id 0xc0000005]

Native frames: (J=compiled Java code, j=interpreted, Vv=VM code, C=native code)


Current CompileTask:
C2:5676307 26781   !   4       org.gradle.api.internal.artifacts.ivyservice.resolveengine.graph.builder.EdgeState::calculateTargetConfigurations (289 bytes)


---------------  P R O C E S S  ---------------

Java Threads: ( => current thread )
  0x000000002629b800 JavaThread "Cache worker for file content cache (C:\Users\user\AndroidStudioProjects\SmsSender\.gradle\5.4.1\fileContent)" [_thread_blocked, id=4364, stack(0x0000000024340000,0x0000000024440000)]
  0x0000000019688800 JavaThread "Cache worker for Build Output Cleanup Cache (C:\Users\user\AndroidStudioProjects\SmsSender\.gradle\buildOutputCleanup)" [_thread_blocked, id=3764, stack(0x0000000023f40000,0x0000000024040000)]
  0x0000000019687800 JavaThread "Build operations Thread 4" [_thread_blocked, id=5396, stack(0x0000000023e40000,0x0000000023f40000)]
  0x0000000019683000 JavaThread "Build operations Thread 3" [_thread_blocked, id=2788, stack(0x0000000023d40000,0x0000000023e40000)]
  0x0000000019685800 JavaThread "Build operations Thread 2" [_thread_blocked, id=4856, stack(0x0000000022650000,0x0000000022750000)]
  0x0000000019689000 JavaThread "Build operations" [_thread_blocked, id=5840, stack(0x0000000021f50000,0x0000000022050000)]
  0x0000000019684800 JavaThread "Cache worker for cache directory md-rule (C:\Users\user\.gradle\caches\5.4.1\md-rule)" [_thread_blocked, id=3012, stack(0x0000000021e50000,0x0000000021f50000)]
  0x0000000019687000 JavaThread "Cache worker for cache directory md-supplier (C:\Users\user\.gradle\caches\5.4.1\md-supplier)" [_thread_blocked, id=3436, stack(0x0000000021d50000,0x0000000021e50000)]
  0x0000000019686000 JavaThread "Cache worker for file hash cache (C:\Users\user\AndroidStudioProjects\SmsSender\.gradle\5.4.1\fileHashes)" [_thread_blocked, id=1240, stack(0x0000000021c50000,0x0000000021d50000)]
  0x000000001967b000 JavaThread "Thread-239" [_thread_blocked, id=4500, stack(0x0000000020480000,0x0000000020580000)]
  0x0000000019681800 JavaThread "Stdin handler" [_thread_blocked, id=5916, stack(0x000000001f360000,0x000000001f460000)]
  0x000000001967c800 JavaThread "Asynchronous log dispatcher for DefaultDaemonConnection: socket connection from /127.0.0.1:49508 to /127.0.0.1:50634" [_thread_blocked, id=1204, stack(0x000000001ea60000,0x000000001eb60000)]
  0x0000000019680000 JavaThread "Daemon worker Thread 11" [_thread_blocked, id=6260, stack(0x000000001b1f0000,0x000000001b2f0000)]
  0x000000001967d000 JavaThread "Cancel handler" [_thread_blocked, id=6424, stack(0x000000001aaf0000,0x000000001abf0000)]
  0x000000001967f800 JavaThread "Handler for socket connection from /127.0.0.1:49508 to /127.0.0.1:50634" [_thread_in_native, id=2304, stack(0x000000001a9f0000,0x000000001aaf0000)]
  0x000000001967e800 JavaThread "Daemon Thread 11" [_thread_blocked, id=6120, stack(0x0000000002cc0000,0x0000000002dc0000)]
  0x000000001f4d3800 JavaThread "Cache worker for Java compile cache (C:\Users\user\.gradle\caches\5.4.1\javaCompile)" [_thread_blocked, id=1552, stack(0x0000000027180000,0x0000000027280000)]
  0x0000000019b70800 JavaThread "Cache worker for file content cache (C:\Users\user\.gradle\caches\5.4.1\fileContent)" [_thread_blocked, id=4724, stack(0x0000000024240000,0x0000000024340000)]
  0x000000001967b800 JavaThread "Memory manager" [_thread_blocked, id=6724, stack(0x0000000023350000,0x0000000023450000)]
  0x0000000019b6a800 JavaThread "Cache worker for execution history cache (C:\Users\user\.gradle\caches\5.4.1\executionHistory)" [_thread_blocked, id=6392, stack(0x0000000020580000,0x0000000020680000)]
  0x0000000019b6c800 JavaThread "Cache worker for journal cache (C:\Users\user\.gradle\caches\journal-1)" [_thread_blocked, id=6312, stack(0x000000001b6f0000,0x000000001b7f0000)]
  0x0000000019b6b000 JavaThread "File lock request listener" [_thread_in_native, id=6308, stack(0x000000001b3f0000,0x000000001b4f0000)]
  0x0000000019b75800 JavaThread "Cache worker for file hash cache (C:\Users\user\.gradle\caches\5.4.1\fileHashes)" [_thread_blocked, id=6304, stack(0x000000001b2f0000,0x000000001b3f0000)]
  0x0000000019ab6800 JavaThread "Daemon periodic checks" [_thread_blocked, id=6248, stack(0x000000001a8f0000,0x000000001a9f0000)]
  0x0000000019aa8800 JavaThread "Incoming local TCP Connector on port 49508" [_thread_in_native, id=6244, stack(0x000000001a710000,0x000000001a810000)]
  0x0000000019444000 JavaThread "Daemon health stats" [_thread_blocked, id=6220, stack(0x000000001a0d0000,0x000000001a1d0000)]
  0x0000000016a2a800 JavaThread "Service Thread" daemon [_thread_blocked, id=6192, stack(0x0000000018700000,0x0000000018800000)]
  0x00000000169d4000 JavaThread "C1 CompilerThread2" daemon [_thread_blocked, id=6188, stack(0x0000000018200000,0x0000000018300000)]
  0x00000000169cc800 JavaThread "C2 CompilerThread1" daemon [_thread_in_native, id=6184, stack(0x0000000018100000,0x0000000018200000)]
=>0x00000000169d8800 JavaThread "C2 CompilerThread0" daemon [_thread_in_native, id=6180, stack(0x0000000018000000,0x0000000018100000)]
  0x00000000169d7000 JavaThread "Attach Listener" daemon [_thread_blocked, id=6176, stack(0x0000000017f00000,0x0000000018000000)]
  0x00000000169d6000 JavaThread "Signal Dispatcher" daemon [_thread_blocked, id=6172, stack(0x0000000017e00000,0x0000000017f00000)]
  0x000000000305b000 JavaThread "Finalizer" daemon [_thread_blocked, id=6168, stack(0x0000000017c20000,0x0000000017d20000)]
  0x00000000169b9000 JavaThread "Reference Handler" daemon [_thread_blocked, id=6164, stack(0x0000000017b20000,0x0000000017c20000)]
  0x000000000156d800 JavaThread "main" [_thread_blocked, id=2168, stack(0x0000000002e60000,0x0000000002f60000)]

Other Threads:
  0x0000000016997000 VMThread [stack: 0x0000000017a20000,0x0000000017b20000] [id=6160]
  0x0000000016a2c800 WatcherThread [stack: 0x0000000018800000,0x0000000018900000] [id=6196]

VM state:at safepoint (normal execution)

VM Mutex/Monitor currently owned by a thread:  ([mutex/lock_event])
[0x000000000156cf60] Safepoint_lock - owner thread: 0x0000000016997000
[0x000000000156c7e0] Threads_lock - owner thread: 0x0000000016997000

heap address: 0x00000000a0000000, size: 1536 MB, Compressed Oops mode: 32-bit
Narrow klass base: 0x0000000000000000, Narrow klass shift: 3
Compressed class space size: 1073741824 Address: 0x0000000100000000

Heap:
 PSYoungGen      total 485376K, used 425920K [0x00000000e0000000, 0x0000000100000000, 0x0000000100000000)
  eden space 449536K, 94% used [0x00000000e0000000,0x00000000f9cb00a8,0x00000000fb700000)
  from space 35840K, 9% used [0x00000000fb700000,0x00000000fba40000,0x00000000fda00000)
  to   space 35840K, 0% used [0x00000000fdd00000,0x00000000fdd00000,0x0000000100000000)
 ParOldGen       total 132096K, used 112113K [0x00000000a0000000, 0x00000000a8100000, 0x00000000e0000000)
  object space 132096K, 84% used [0x00000000a0000000,0x00000000a6d7c728,0x00000000a8100000)
 Metaspace       used 102589K, capacity 108540K, committed 108800K, reserved 1144832K
  class space    used 12938K, capacity 13964K, committed 14080K, reserved 1048576K

Card table byte_map: [0x0000000012420000,0x0000000012730000] byte_map_base: 0x0000000011f20000

Marking Bits: (ParMarkBitMap*) 0x0000000069549f30
 Begin Bits: [0x0000000012d30000, 0x0000000014530000)
 End Bits:   [0x0000000014530000, 0x0000000015d30000)

Polling page: 0x0000000001530000

CodeCache: size=245760Kb used=73523Kb max_used=75608Kb free=172236Kb
 bounds [0x0000000003060000, 0x0000000007ac0000, 0x0000000012060000]
 total_blobs=21516 nmethods=20598 adapters=827
 compilation: enabled

Compilation events (10 events):
Event: 5673.452 Thread 0x00000000169d4000 26823       3       org.gradle.api.internal.project.DefaultProject::getVersion (17 bytes)
Event: 5673.452 Thread 0x00000000169d4000 nmethod 26823 0x0000000005af16d0 code [0x0000000005af1820, 0x0000000005af19d0]
Event: 5673.452 Thread 0x00000000169d4000 26822       3       org.gradle.api.internal.collections.ListElementSource::listIterator (17 bytes)
Event: 5673.452 Thread 0x00000000169d4000 nmethod 26822 0x0000000005132150 code [0x00000000051322c0, 0x00000000051325e8]
Event: 5673.453 Thread 0x00000000169d4000 26824       3       java.util.concurrent.atomic.AtomicInteger::<init> (10 bytes)
Event: 5673.454 Thread 0x00000000169d4000 nmethod 26824 0x0000000005b4eb10 code [0x0000000005b4ec80, 0x0000000005b4ee90]
Event: 5673.456 Thread 0x00000000169d4000 26825       3       org.gradle.api.internal.tasks.properties.AbstractPropertyNode::findNodeCreatingCycle (33 bytes)
Event: 5673.457 Thread 0x00000000169d4000 nmethod 26825 0x00000000057c3390 code [0x00000000057c3560, 0x00000000057c4008]
Event: 5673.457 Thread 0x00000000169d4000 26826       3       org.gradle.api.internal.tasks.properties.bean.RuntimeBeanNode::getNodeValue (5 bytes)
Event: 5673.457 Thread 0x00000000169d4000 nmethod 26826 0x0000000006551b50 code [0x0000000006551ca0, 0x0000000006551e90]

GC Heap History (10 events):
Event: 3919.162 GC heap before
{Heap before GC invocations=47 (full 4):
 PSYoungGen      total 485376K, used 462756K [0x00000000e0000000, 0x00000000ffe00000, 0x0000000100000000)
  eden space 451584K, 100% used [0x00000000e0000000,0x00000000fb900000,0x00000000fb900000)
  from space 33792K, 33% used [0x00000000fdd00000,0x00000000fe7e91e8,0x00000000ffe00000)
  to   space 35328K, 0% used [0x00000000fb900000,0x00000000fb900000,0x00000000fdb80000)
 ParOldGen       total 132096K, used 80387K [0x00000000a0000000, 0x00000000a8100000, 0x00000000e0000000)
  object space 132096K, 60% used [0x00000000a0000000,0x00000000a4e80ca0,0x00000000a8100000)
 Metaspace       used 101967K, capacity 107810K, committed 107904K, reserved 1142784K
  class space    used 12905K, capacity 13941K, committed 13952K, reserved 1048576K
Event: 3919.206 GC heap after
Heap after GC invocations=47 (full 4):
 PSYoungGen      total 486912K, used 9926K [0x00000000e0000000, 0x00000000fff80000, 0x0000000100000000)
  eden space 451584K, 0% used [0x00000000e0000000,0x00000000e0000000,0x00000000fb900000)
  from space 35328K, 28% used [0x00000000fb900000,0x00000000fc2b1b18,0x00000000fdb80000)
  to   space 34304K, 0% used [0x00000000fde00000,0x00000000fde00000,0x00000000fff80000)
 ParOldGen       total 132096K, used 88102K [0x00000000a0000000, 0x00000000a8100000, 0x00000000e0000000)
  object space 132096K, 66% used [0x00000000a0000000,0x00000000a5609af8,0x00000000a8100000)
 Metaspace       used 101967K, capacity 107810K, committed 107904K, reserved 1142784K
  class space    used 12905K, capacity 13941K, committed 13952K, reserved 1048576K
}
Event: 3921.172 GC heap before
{Heap before GC invocations=48 (full 4):
 PSYoungGen      total 486912K, used 461510K [0x00000000e0000000, 0x00000000fff80000, 0x0000000100000000)
  eden space 451584K, 100% used [0x00000000e0000000,0x00000000fb900000,0x00000000fb900000)
  from space 35328K, 28% used [0x00000000fb900000,0x00000000fc2b1b18,0x00000000fdb80000)
  to   space 34304K, 0% used [0x00000000fde00000,0x00000000fde00000,0x00000000fff80000)
 ParOldGen       total 132096K, used 88102K [0x00000000a0000000, 0x00000000a8100000, 0x00000000e0000000)
  object space 132096K, 66% used [0x00000000a0000000,0x00000000a5609af8,0x00000000a8100000)
 Metaspace       used 101990K, capacity 107810K, committed 107904K, reserved 1142784K
  class space    used 12905K, capacity 13941K, committed 13952K, reserved 1048576K
Event: 3921.225 GC heap after
Heap after GC invocations=48 (full 4):
 PSYoungGen      total 482816K, used 30021K [0x00000000e0000000, 0x0000000100000000, 0x0000000100000000)
  eden space 448512K, 0% used [0x00000000e0000000,0x00000000e0000000,0x00000000fb600000)
  from space 34304K, 87% used [0x00000000fde00000,0x00000000ffb515f0,0x00000000fff80000)
  to   space 37888K, 0% used [0x00000000fb600000,0x00000000fb600000,0x00000000fdb00000)
 ParOldGen       total 132096K, used 91582K [0x00000000a0000000, 0x00000000a8100000, 0x00000000e0000000)
  object space 132096K, 69% used [0x00000000a0000000,0x00000000a596fb48,0x00000000a8100000)
 Metaspace       used 101990K, capacity 107810K, committed 107904K, reserved 1142784K
  class space    used 12905K, capacity 13941K, committed 13952K, reserved 1048576K
}
Event: 5599.961 GC heap before
{Heap before GC invocations=49 (full 4):
 PSYoungGen      total 482816K, used 478533K [0x00000000e0000000, 0x0000000100000000, 0x0000000100000000)
  eden space 448512K, 100% used [0x00000000e0000000,0x00000000fb600000,0x00000000fb600000)
  from space 34304K, 87% used [0x00000000fde00000,0x00000000ffb515f0,0x00000000fff80000)
  to   space 37888K, 0% used [0x00000000fb600000,0x00000000fb600000,0x00000000fdb00000)
 ParOldGen       total 132096K, used 91582K [0x00000000a0000000, 0x00000000a8100000, 0x00000000e0000000)
  object space 132096K, 69% used [0x00000000a0000000,0x00000000a596fb48,0x00000000a8100000)
 Metaspace       used 102471K, capacity 108440K, committed 108800K, reserved 1144832K
  class space    used 12934K, capacity 13958K, committed 14080K, reserved 1048576K
Event: 5600.055 GC heap after
Heap after GC invocations=49 (full 4):
 PSYoungGen      total 486400K, used 12262K [0x00000000e0000000, 0x0000000100000000, 0x0000000100000000)
  eden space 448512K, 0% used [0x00000000e0000000,0x00000000e0000000,0x00000000fb600000)
  from space 37888K, 32% used [0x00000000fb600000,0x00000000fc1f9918,0x00000000fdb00000)
  to   space 36864K, 0% used [0x00000000fdc00000,0x00000000fdc00000,0x0000000100000000)
 ParOldGen       total 132096K, used 96850K [0x00000000a0000000, 0x00000000a8100000, 0x00000000e0000000)
  object space 132096K, 73% used [0x00000000a0000000,0x00000000a5e94bc8,0x00000000a8100000)
 Metaspace       used 102471K, capacity 108440K, committed 108800K, reserved 1144832K
  class space    used 12934K, capacity 13958K, committed 14080K, reserved 1048576K
}
Event: 5601.605 GC heap before
{Heap before GC invocations=50 (full 4):
 PSYoungGen      total 486400K, used 460774K [0x00000000e0000000, 0x0000000100000000, 0x0000000100000000)
  eden space 448512K, 100% used [0x00000000e0000000,0x00000000fb600000,0x00000000fb600000)
  from space 37888K, 32% used [0x00000000fb600000,0x00000000fc1f9918,0x00000000fdb00000)
  to   space 36864K, 0% used [0x00000000fdc00000,0x00000000fdc00000,0x0000000100000000)
 ParOldGen       total 132096K, used 96850K [0x00000000a0000000, 0x00000000a8100000, 0x00000000e0000000)
  object space 132096K, 73% used [0x00000000a0000000,0x00000000a5e94bc8,0x00000000a8100000)
 Metaspace       used 102490K, capacity 108470K, committed 108800K, reserved 1144832K
  class space    used 12938K, capacity 13963K, committed 14080K, reserved 1048576K
Event: 5601.643 GC heap after
Heap after GC invocations=50 (full 4):
 PSYoungGen      total 483328K, used 11386K [0x00000000e0000000, 0x00000000ffd00000, 0x0000000100000000)
  eden space 449536K, 0% used [0x00000000e0000000,0x00000000e0000000,0x00000000fb700000)
  from space 33792K, 33% used [0x00000000fdc00000,0x00000000fe71e878,0x00000000ffd00000)
  to   space 35840K, 0% used [0x00000000fb700000,0x00000000fb700000,0x00000000fda00000)
 ParOldGen       total 132096K, used 102837K [0x00000000a0000000, 0x00000000a8100000, 0x00000000e0000000)
  object space 132096K, 77% used [0x00000000a0000000,0x00000000a646d6f0,0x00000000a8100000)
 Metaspace       used 102490K, capacity 108470K, committed 108800K, reserved 1144832K
  class space    used 12938K, capacity 13963K, committed 14080K, reserved 1048576K
}
Event: 5602.697 GC heap before
{Heap before GC invocations=51 (full 4):
 PSYoungGen      total 483328K, used 460922K [0x00000000e0000000, 0x00000000ffd00000, 0x0000000100000000)
  eden space 449536K, 100% used [0x00000000e0000000,0x00000000fb700000,0x00000000fb700000)
  from space 33792K, 33% used [0x00000000fdc00000,0x00000000fe71e878,0x00000000ffd00000)
  to   space 35840K, 0% used [0x00000000fb700000,0x00000000fb700000,0x00000000fda00000)
 ParOldGen       total 132096K, used 102837K [0x00000000a0000000, 0x00000000a8100000, 0x00000000e0000000)
  object space 132096K, 77% used [0x00000000a0000000,0x00000000a646d6f0,0x00000000a8100000)
 Metaspace       used 102490K, capacity 108470K, committed 108800K, reserved 1144832K
  class space    used 12938K, capacity 13963K, committed 14080K, reserved 1048576K
Event: 5602.721 GC heap after
Heap after GC invocations=51 (full 4):
 PSYoungGen      total 485376K, used 3328K [0x00000000e0000000, 0x0000000100000000, 0x0000000100000000)
  eden space 449536K, 0% used [0x00000000e0000000,0x00000000e0000000,0x00000000fb700000)
  from space 35840K, 9% used [0x00000000fb700000,0x00000000fba40000,0x00000000fda00000)
  to   space 35840K, 0% used [0x00000000fdd00000,0x00000000fdd00000,0x0000000100000000)
 ParOldGen       total 132096K, used 112113K [0x00000000a0000000, 0x00000000a8100000, 0x00000000e0000000)
  object space 132096K, 84% used [0x00000000a0000000,0x00000000a6d7c728,0x00000000a8100000)
 Metaspace       used 102490K, capacity 108470K, committed 108800K, reserved 1144832K
  class space    used 12938K, capacity 13963K, committed 14080K, reserved 1048576K
}

Deoptimization events (10 events):
Event: 5601.726 Thread 0x000000002629e000 Uncommon trap: reason=unstable_if action=reinterpret pc=0x000000000693f410 method=com.google.common.collect.Lists.equalsImpl(Ljava/util/List;Ljava/lang/Object;)Z @ 85
Event: 5601.751 Thread 0x000000002629e000 Uncommon trap: reason=unstable_if action=reinterpret pc=0x000000000330e0f0 method=java.io.WinNTFileSystem.resolve(Ljava/lang/String;Ljava/lang/String;)Ljava/lang/String; @ 36
Event: 5602.234 Thread 0x00000000262a7000 Uncommon trap: reason=class_check action=maybe_recompile pc=0x00000000075b5f90 method=com.android.tools.r8.graph.AppInfo.a(Lcom/android/tools/r8/graph/DexField;)Lcom/android/tools/r8/graph/DexEncodedField; @ 33
Event: 5602.234 Thread 0x00000000262a7000 Uncommon trap: reason=class_check action=maybe_recompile pc=0x00000000052367bc method=com.android.tools.r8.graph.DexMethod.b(Ljava/lang/Object;)Z @ 1
Event: 5603.435 Thread 0x0000000019683000 Uncommon trap: reason=class_check action=maybe_recompile pc=0x00000000054f9ec0 method=com.android.tools.r8.utils.InternalOptions.c0()Z @ 4
Event: 5603.435 Thread 0x0000000019683000 Uncommon trap: reason=class_check action=maybe_recompile pc=0x00000000054f9ec0 method=com.android.tools.r8.utils.InternalOptions.c0()Z @ 4
Event: 5603.435 Thread 0x0000000019683000 Uncommon trap: reason=class_check action=maybe_recompile pc=0x00000000054f9ec0 method=com.android.tools.r8.utils.InternalOptions.c0()Z @ 4
Event: 5603.643 Thread 0x000000001967e800 Uncommon trap: reason=array_check action=maybe_recompile pc=0x00000000072b62f4 method=java.util.TimSort.mergeLo(IIII)V @ 133
Event: 5603.643 Thread 0x000000001967e800 Uncommon trap: reason=array_check action=maybe_recompile pc=0x00000000072b62f4 method=java.util.TimSort.mergeLo(IIII)V @ 133
Event: 5607.277 Thread 0x00000000262a7000 Uncommon trap: reason=unstable_if action=reinterpret pc=0x00000000042371a4 method=org.gradle.internal.snapshot.impl.AbstractScalarValueSnapshot.equals(Ljava/lang/Object;)Z @ 19

Classes redefined (0 events):
No events

Internal exceptions (10 events):
Event: 5603.988 Thread 0x000000001967e800 Exception <a 'sun/nio/fs/WindowsException'> (0x00000000eb31d258) thrown at [D:\src\AOSP-openjdk-cygwin\jdk8u\hotspot\src\share\vm\prims\jni.cpp, line 710]
Event: 5603.990 Thread 0x000000001967e800 Exception <a 'sun/nio/fs/WindowsException'> (0x00000000eb324878) thrown at [D:\src\AOSP-openjdk-cygwin\jdk8u\hotspot\src\share\vm\prims\jni.cpp, line 710]
Event: 5603.993 Thread 0x000000001967e800 Exception <a 'sun/nio/fs/WindowsException'> (0x00000000eb335d98) thrown at [D:\src\AOSP-openjdk-cygwin\jdk8u\hotspot\src\share\vm\prims\jni.cpp, line 710]
Event: 5603.994 Thread 0x000000001967e800 Exception <a 'sun/nio/fs/WindowsException'> (0x00000000eb33c248) thrown at [D:\src\AOSP-openjdk-cygwin\jdk8u\hotspot\src\share\vm\prims\jni.cpp, line 710]
Event: 5603.998 Thread 0x000000001967e800 Exception <a 'sun/nio/fs/WindowsException'> (0x00000000eb49a8d8) thrown at [D:\src\AOSP-openjdk-cygwin\jdk8u\hotspot\src\share\vm\prims\jni.cpp, line 710]
Event: 5604.482 Thread 0x0000000019683000 Exception <a 'sun/nio/fs/WindowsException'> (0x00000000ec1be848) thrown at [D:\src\AOSP-openjdk-cygwin\jdk8u\hotspot\src\share\vm\prims\jni.cpp, line 710]
Event: 5604.576 Thread 0x0000000019686000 Exception <a 'sun/nio/fs/WindowsException'> (0x00000000ed3488a8) thrown at [D:\src\AOSP-openjdk-cygwin\jdk8u\hotspot\src\share\vm\prims\jni.cpp, line 710]
Event: 5606.274 Thread 0x0000000019681800 Exception <a 'sun/nio/fs/WindowsException'> (0x00000000ed6d4bf0) thrown at [D:\src\AOSP-openjdk-cygwin\jdk8u\hotspot\src\share\vm\prims\jni.cpp, line 710]
Event: 5607.185 Thread 0x0000000019687000 Exception <a 'sun/nio/fs/WindowsException'> (0x00000000f5341088) thrown at [D:\src\AOSP-openjdk-cygwin\jdk8u\hotspot\src\share\vm\prims\jni.cpp, line 710]
Event: 5607.782 Thread 0x000000002629e000 Exception <a 'sun/nio/fs/WindowsException'> (0x00000000f8045420) thrown at [D:\src\AOSP-openjdk-cygwin\jdk8u\hotspot\src\share\vm\prims\jni.cpp, line 710]

Events (10 events):
Event: 5672.590 Thread 0x0000000019687000 Thread added: 0x0000000019687000
Event: 5672.592 Thread 0x0000000019684800 Thread added: 0x0000000019684800
Event: 5673.369 Thread 0x0000000019689000 Thread added: 0x0000000019689000
Event: 5673.369 Thread 0x0000000019685800 Thread added: 0x0000000019685800
Event: 5673.369 Thread 0x0000000019683000 Thread added: 0x0000000019683000
Event: 5673.369 Thread 0x0000000019687800 Thread added: 0x0000000019687800
Event: 5673.369 Executing VM operation: RevokeBias
Event: 5673.370 Executing VM operation: RevokeBias done
Event: 5673.423 Thread 0x0000000019688800 Thread added: 0x0000000019688800
Event: 5673.455 Thread 0x000000002629b800 Thread added: 0x000000002629b800


Dynamic libraries:
0x00007ff61d780000 - 0x00007ff61d7b1000 	C:\Program Files\Android\Android Studio\jre\bin\java.exe
0x00007ffd9f690000 - 0x00007ffd9f852000 	C:\Windows\SYSTEM32\ntdll.dll
0x00007ffd9df80000 - 0x00007ffd9e02d000 	C:\Windows\system32\KERNEL32.DLL
0x00007ffd9cb80000 - 0x00007ffd9cd5d000 	C:\Windows\system32\KERNELBASE.dll
0x00007ffd9ddb0000 - 0x00007ffd9de56000 	C:\Windows\system32\ADVAPI32.dll
0x00007ffd9f570000 - 0x00007ffd9f60d000 	C:\Windows\system32\msvcrt.dll
0x00007ffd9f610000 - 0x00007ffd9f66b000 	C:\Windows\system32\sechost.dll
0x00007ffd9dc80000 - 0x00007ffd9dda6000 	C:\Windows\system32\RPCRT4.dll
0x00007ffd9cd60000 - 0x00007ffd9ceae000 	C:\Windows\system32\USER32.dll
0x00007ffd9da30000 - 0x00007ffd9dbb5000 	C:\Windows\system32\GDI32.dll
0x00007ffd901b0000 - 0x00007ffd90424000 	C:\Windows\WinSxS\amd64_microsoft.windows.common-controls_6595b64144ccf1df_6.0.10240.16384_none_f41f7b285750ef43\COMCTL32.dll
0x00007ffd9de60000 - 0x00007ffd9de96000 	C:\Windows\system32\IMM32.DLL
0x00007ffd9d430000 - 0x00007ffd9d58c000 	C:\Windows\system32\MSCTF.dll
0x0000000068bc0000 - 0x0000000068c92000 	C:\Program Files\Android\Android Studio\jre\jre\bin\msvcr100.dll
0x0000000068d80000 - 0x00000000695c6000 	C:\Program Files\Android\Android Studio\jre\jre\bin\server\jvm.dll
0x00007ffd9dea0000 - 0x00007ffd9dea8000 	C:\Windows\system32\PSAPI.DLL
0x00007ffd8b2c0000 - 0x00007ffd8b2e3000 	C:\Windows\SYSTEM32\WINMM.dll
0x00007ffd91670000 - 0x00007ffd91679000 	C:\Windows\SYSTEM32\WSOCK32.dll
0x00007ffd91750000 - 0x00007ffd9175a000 	C:\Windows\SYSTEM32\VERSION.dll
0x00007ffd9deb0000 - 0x00007ffd9df19000 	C:\Windows\system32\WS2_32.dll
0x00007ffd9f560000 - 0x00007ffd9f568000 	C:\Windows\system32\NSI.dll
0x00000000014e0000 - 0x000000000150c000 	C:\Windows\SYSTEM32\WINMMBASE.dll
0x00007ffd9ca70000 - 0x00007ffd9cab4000 	C:\Windows\system32\cfgmgr32.dll
0x00007ffd9aa30000 - 0x00007ffd9aa57000 	C:\Windows\SYSTEM32\DEVOBJ.dll
0x00007ffd91660000 - 0x00007ffd9166f000 	C:\Program Files\Android\Android Studio\jre\jre\bin\verify.dll
0x00007ffd91630000 - 0x00007ffd91659000 	C:\Program Files\Android\Android Studio\jre\jre\bin\java.dll
0x00007ffd900e0000 - 0x00007ffd900f6000 	C:\Program Files\Android\Android Studio\jre\jre\bin\zip.dll
0x00007ffd9e030000 - 0x00007ffd9f555000 	C:\Windows\system32\SHELL32.dll
0x00007ffd9c440000 - 0x00007ffd9ca68000 	C:\Windows\system32\windows.storage.dll
0x00007ffd9d5f0000 - 0x00007ffd9d86c000 	C:\Windows\system32\combase.dll
0x00007ffd9df20000 - 0x00007ffd9df71000 	C:\Windows\system32\shlwapi.dll
0x00007ffd9c110000 - 0x00007ffd9c11f000 	C:\Windows\system32\kernel.appcore.dll
0x00007ffd9cac0000 - 0x00007ffd9cb73000 	C:\Windows\system32\shcore.dll
0x00007ffd9c0c0000 - 0x00007ffd9c10a000 	C:\Windows\system32\powrprof.dll
0x00007ffd9c140000 - 0x00007ffd9c153000 	C:\Windows\system32\profapi.dll
0x00007ffd8edd0000 - 0x00007ffd8edea000 	C:\Program Files\Android\Android Studio\jre\jre\bin\net.dll
0x00007ffd9b930000 - 0x00007ffd9b98d000 	C:\Windows\system32\mswsock.dll
0x00007ffd89500000 - 0x00007ffd89511000 	C:\Program Files\Android\Android Studio\jre\jre\bin\nio.dll
0x00007ffd85750000 - 0x00007ffd85776000 	C:\Users\user\.gradle\native\29\windows-amd64\native-platform.dll
0x00007ffd91620000 - 0x00007ffd9162d000 	C:\Program Files\Android\Android Studio\jre\jre\bin\management.dll
0x00007ffd9b990000 - 0x00007ffd9b9a7000 	C:\Windows\SYSTEM32\CRYPTSP.dll
0x00007ffd9bc00000 - 0x00007ffd9bc28000 	C:\Windows\SYSTEM32\bcrypt.dll
0x00007ffd9b5e0000 - 0x00007ffd9b613000 	C:\Windows\system32\rsaenh.dll
0x00007ffd9b6d0000 - 0x00007ffd9b6ef000 	C:\Windows\SYSTEM32\USERENV.dll
0x00007ffd9bf10000 - 0x00007ffd9bf7b000 	C:\Windows\system32\bcryptprimitives.dll
0x00007ffd9bae0000 - 0x00007ffd9baeb000 	C:\Windows\SYSTEM32\CRYPTBASE.dll
0x00007ffd9a3a0000 - 0x00007ffd9a3d8000 	C:\Windows\SYSTEM32\IPHLPAPI.DLL
0x00007ffd9a150000 - 0x00007ffd9a15b000 	C:\Windows\SYSTEM32\WINNSI.DLL
0x00007ffd944d0000 - 0x00007ffd944e6000 	C:\Windows\SYSTEM32\dhcpcsvc6.DLL
0x00007ffd944f0000 - 0x00007ffd9450a000 	C:\Windows\SYSTEM32\dhcpcsvc.DLL
0x00007ffd7b6e0000 - 0x00007ffd7b704000 	C:\Program Files\Android\Android Studio\jre\jre\bin\sunec.dll
0x00007ffd9b6f0000 - 0x00007ffd9b798000 	C:\Windows\SYSTEM32\DNSAPI.dll
0x00007ffd932f0000 - 0x00007ffd932fa000 	C:\Windows\System32\rasadhlp.dll
0x00007ffd94840000 - 0x00007ffd948a8000 	C:\Windows\System32\fwpuclnt.dll
0x00007ffd925e0000 - 0x00007ffd925eb000 	C:\Program Files\Android\Android Studio\jre\jre\bin\sunmscapi.dll
0x00007ffd9c160000 - 0x00007ffd9c321000 	C:\Windows\system32\CRYPT32.dll
0x00007ffd9c120000 - 0x00007ffd9c131000 	C:\Windows\system32\MSASN1.dll

VM Arguments:
jvm_args: -Xmx1536m -Dfile.encoding=windows-1252 -Duser.country=US -Duser.language=en -Duser.variant 
java_command: org.gradle.launcher.daemon.bootstrap.GradleDaemon 5.4.1
java_class_path (initial): C:\Users\user\.gradle\wrapper\dists\gradle-5.4.1-all\3221gyojl5jsh0helicew7rwx\gradle-5.4.1\lib\gradle-launcher-5.4.1.jar
Launcher Type: SUN_STANDARD

Environment Variables:
JAVA_HOME=C:\Program Files\Java\jdk1.8.0_231
PATH=C:\Windows\system32;C:\Windows;C:\Windows\System32\Wbem;C:\Windows\System32\WindowsPowerShell\v1.0\;C:\Program Files\Java\jdk-11.0.2\bin;C:\Program Files\Java\jdk1.8.0_231\bin;C:\Users\user\AppData\Local\Programs\Python\Python38;C:\Program Files\Git\cmd;C:\Program Files\Java\jdk-11.0.2\bin;C:\Program Files\Java\jdk1.8.0_231\bin;%DASHLANE_DLL_DIR%
USERNAME=JUST
OS=Windows_NT
PROCESSOR_IDENTIFIER=Intel64 Family 6 Model 69 Stepping 1, GenuineIntel



---------------  S Y S T E M  ---------------

OS: Windows 10.0 , 64 bit Build 10240 (10.0.10240.16384)

CPU:total 4 (initial active 4) (2 cores per cpu, 2 threads per core) family 6 model 69 stepping 1, cmov, cx8, fxsr, mmx, sse, sse2, sse3, ssse3, sse4.1, sse4.2, popcnt, avx, avx2, aes, clmul, erms, lzcnt, ht, tsc, tscinvbit, bmi1, bmi2

Memory: 4k page, physical 3874620k(188244k free), swap 5275452k(628k free)

vm_info: OpenJDK 64-Bit Server VM (25.202-b03) for windows-amd64 JRE (1.8.0_202-release-1483-b03), built by "builder" with MS VC++ 10.0 (VS2010)

time: Wed May 06 10:23:23 2020
timezone: E. Africa Standard Time
elapsed time: 5675 seconds (0d 1h 34m 35s)

